<?xml version="1.0" encoding="UTF-8"?>
<!-- Generated by org.testng.reporters.JUnitReportReporter -->
<testsuite skipped="0" hostname="DESKTOP-KILA730" name="testRunner.Runner" tests="2" failures="0" timestamp="2022-07-12T02:23:56 IST" time="8.310" errors="0">
  <testcase name="runScenario" time="3.001" classname="testRunner.Runner"/>
  <system-out/>
  <testcase name="runScenario" time="5.309" classname="testRunner.Runner"/>
  <system-out/>
</testsuite> <!-- testRunner.Runner -->
